322023-04-27 14:30insert···	32 insert.OK
32 2023-04-27 15:30insert···	32 insert.OK
33 2023-04-27 16:30insert···	33 insert.OK
34 2023-04-27 17:30insert···	34 insert.OK
35 2023-04-27 19:32insert···	35 insert.OK
36 2023-04-27 21:30insert···	36 insert.OK
37 2023-04-27 22:30insert···	37 insert.OK
38 2023-04-27 23:30insert···	38 insert.OK
39 2023-04-28 00:30insert···	39 insert.OK
40 2023-04-28 08:30insert···	40 insert.OK
41 2023-04-28 09:31insert···	41 insert.OK
42 2023-04-28 10:30insert···	42 insert.OK
43 2023-04-28 13:30insert···	43 insert.OK
44 2023-04-28 14:30insert···	44 insert.OK
45 2023-04-28 15:30insert···	45 insert.OK
46 2023-04-28 16:30insert···	46 insert.OK
47 2023-04-28 18:30insert···	47 insert.OK
48 2023-04-28 19:30insert···	48 insert.OK
49 2023-04-28 20:30insert···	49 insert.OK
50 2023-04-28 21:30insert···	50 insert.OK
51 2023-04-28 22:30insert···	51 insert.OK
52 2023-04-28 23:30insert···	52 insert.OK
53 2023-04-29 00:30insert···	53 insert.OK
54 2023-04-29 08:30insert···	54 insert.OK
55 2023-04-29 09:30insert···	55 insert.OK
56 2023-04-29 10:30insert···	56 insert.OK
57 2023-04-29 16:30insert···	57 insert.OK
58 2023-04-29 17:32insert···	58 insert.OK
59 2023-04-29 19:30insert···	59 insert.OK
60 2023-04-29 20:30insert···	60 insert.OK
61 2023-04-29 21:30insert···	61 insert.OK
62 2023-04-29 22:30insert···	62 insert.OK
63 2023-04-29 23:30insert···	63 insert.OK
64 2023-04-30 07:30insert···	64 insert.OK
65 2023-04-30 08:30insert···	65 insert.OK
66 2023-04-30 09:30insert···	66 insert.OK
67 2023-04-30 10:30insert···	67 insert.OK
68 2023-04-30 11:30insert···	68 insert.OK
69 2023-04-30 12:30insert···	69 insert.OK
70 2023-04-30 13:30insert···	70 insert.OK
71 2023-04-30 14:30insert···	71 insert.OK
72 2023-04-30 15:30insert···	72 insert.OK
73 2023-04-30 16:30insert···	73 insert.OK
74 2023-04-30 17:30insert···	74 insert.OK
75 2023-04-30 18:30insert···	75 insert.OK
76 2023-04-30 19:30insert···	76 insert.OK
77 2023-04-30 20:30insert···	77 insert.OK
78 2023-04-30 21:30insert···	78 insert.OK
79 2023-04-30 22:30insert···	79 insert.OK
80 2023-05-01 08:30insert···	80 insert.OK
81 2023-05-01 09:30insert···	81 insert.OK
82 2023-05-01 10:30insert···	82 insert.OK
83 2023-05-01 11:30insert···	83 insert.OK
84 2023-05-01 12:30insert···	84 insert.OK
85 2023-05-01 13:30insert···	85 insert.OK
86 2023-05-01 14:30insert···	86 insert.OK
87 2023-05-01 15:30insert···	87 insert.OK
88 2023-05-01 16:30insert···	88 insert.OK
89 2023-05-01 17:30insert···	89 insert.OK
90 2023-05-01 18:30insert···	90 insert.OK
91 2023-05-01 19:30insert···	91 insert.OK
92 2023-05-01 20:30insert···	92 insert.OK
93 2023-05-01 21:30insert···	93 insert.OK
94 2023-05-01 22:30insert···	94 insert.OK
95 2023-05-01 23:30insert···	95 insert.OK
96 2023-05-02 00:30insert···	96 insert.OK
97 2023-05-02 07:30insert···	97 insert.OK
98 2023-05-02 08:30insert···	98 insert.OK
99 2023-05-02 09:30insert···	99 insert.OK
100 2023-05-02 10:30insert···	100 insert.OK
101 2023-05-02 11:30insert···	101 insert.OK
102 2023-05-02 12:30insert···	102 insert.OK
103 2023-05-02 13:30insert···	103 insert.OK
104 2023-05-02 14:30insert···	104 insert.OK
Tue May  2 14:30:25 CST 2023 python_jieba_lcut run ok !
Tue May  2 15:30:04 CST 2023 spider run ok !
Tue May  2 15:30:14 CST 2023 procedure_splice run ok !
105 2023-05-02 15:30insert···	105 insert.OK
Tue May  2 15:30:26 CST 2023 python_jieba_lcut run ok !
Tue May  2 16:30:04 CST 2023 spider run ok !
Tue May  2 16:30:14 CST 2023 procedure_splice run ok !
106 2023-05-02 16:30insert···	106 insert.OK
Tue May  2 16:30:28 CST 2023 python_jieba_lcut run ok !
Tue May  2 17:30:04 CST 2023 spider run ok !
Tue May  2 17:30:14 CST 2023 procedure_splice run ok !
107 2023-05-02 17:30insert···	107 insert.OK
Tue May  2 17:30:26 CST 2023 python_jieba_lcut run ok !
Tue May  2 18:30:02 CST 2023 spider run ok !
Tue May  2 18:30:13 CST 2023 procedure_splice run ok !
108 2023-05-02 18:30insert···	108 insert.OK
Tue May  2 18:30:24 CST 2023 python_jieba_lcut run ok !
Tue May  2 19:30:05 CST 2023 spider run ok !
Tue May  2 19:30:15 CST 2023 procedure_splice run ok !
109 2023-05-02 19:30insert···	109 insert.OK
Tue May  2 19:30:27 CST 2023 python_jieba_lcut run ok !
Tue May  2 20:30:04 CST 2023 spider run ok !
Tue May  2 20:30:15 CST 2023 procedure_splice run ok !
Tue May  2 20:30:27 CST 2023 python_jieba_lcut run ok !
Tue May  2 21:30:05 CST 2023 spider run ok !
Tue May  2 21:30:15 CST 2023 procedure_splice run ok !
Tue May  2 21:30:26 CST 2023 python_jieba_lcut run ok !
Tue May  2 22:30:03 CST 2023 spider run ok !
Tue May  2 22:30:13 CST 2023 procedure_splice run ok !
110 2023-05-02 20:30insert···	110 insert.OK
111 2023-05-02 22:30insert···	111 insert.OK
Tue May  2 22:30:24 CST 2023 python_jieba_lcut run ok !
Tue May  2 23:30:05 CST 2023 spider run ok !
Tue May  2 23:30:15 CST 2023 procedure_splice run ok !
112 2023-05-02 23:30insert···	112 insert.OK
Tue May  2 23:30:26 CST 2023 python_jieba_lcut run ok !
Wed May  3 00:30:04 CST 2023 spider run ok !
Wed May  3 00:30:14 CST 2023 procedure_splice run ok !
Wed May  3 00:30:25 CST 2023 python_jieba_lcut run ok !
Wed May  3 01:30:04 CST 2023 spider run ok !
Wed May  3 01:30:14 CST 2023 procedure_splice run ok !
Wed May  3 01:30:25 CST 2023 python_jieba_lcut run ok !
Wed May  3 02:30:04 CST 2023 spider run ok !
Wed May  3 02:30:14 CST 2023 procedure_splice run ok !
Wed May  3 02:30:25 CST 2023 python_jieba_lcut run ok !
Wed May  3 03:30:05 CST 2023 spider run ok !
Wed May  3 03:30:15 CST 2023 procedure_splice run ok !
Wed May  3 03:30:26 CST 2023 python_jieba_lcut run ok !
Wed May  3 04:30:05 CST 2023 spider run ok !
Wed May  3 04:30:16 CST 2023 procedure_splice run ok !
Wed May  3 04:30:27 CST 2023 python_jieba_lcut run ok !
Wed May  3 10:30:19 CST 2023 spider run ok !
Wed May  3 10:30:29 CST 2023 procedure_splice run ok !
113 2023-05-03 10:30insert···	113 insert.OK
Wed May  3 10:30:41 CST 2023 python_jieba_lcut run ok !
Wed May  3 11:30:03 CST 2023 spider run ok !
Wed May  3 11:30:13 CST 2023 procedure_splice run ok !
114 2023-05-03 11:30insert···	114 insert.OK
Wed May  3 11:30:25 CST 2023 python_jieba_lcut run ok !
Wed May  3 12:30:05 CST 2023 spider run ok !
Wed May  3 12:30:15 CST 2023 procedure_splice run ok !
115 2023-05-03 12:30insert···	115 insert.OK
Wed May  3 12:30:26 CST 2023 python_jieba_lcut run ok !
Wed May  3 13:30:04 CST 2023 spider run ok !
Wed May  3 13:30:14 CST 2023 procedure_splice run ok !
116 2023-05-03 13:30insert···	116 insert.OK
Wed May  3 13:30:26 CST 2023 python_jieba_lcut run ok !
Wed May  3 14:30:04 CST 2023 spider run ok !
Wed May  3 14:30:14 CST 2023 procedure_splice run ok !
117 2023-05-03 14:30insert···	117 insert.OK
Wed May  3 14:30:26 CST 2023 python_jieba_lcut run ok !
Wed May  3 15:30:03 CST 2023 spider run ok !
Wed May  3 15:30:14 CST 2023 procedure_splice run ok !
118 2023-05-03 15:30insert···	118 insert.OK
Wed May  3 15:30:25 CST 2023 python_jieba_lcut run ok !
Wed May  3 22:30:05 CST 2023 spider run ok !
Wed May  3 22:30:15 CST 2023 procedure_splice run ok !
119 2023-05-03 22:30insert···	119 insert.OK
Wed May  3 22:30:27 CST 2023 python_jieba_lcut run ok !
Wed May  3 23:30:04 CST 2023 spider run ok !
Wed May  3 23:30:14 CST 2023 procedure_splice run ok !
120 2023-05-03 23:30insert···	120 insert.OK
Wed May  3 23:30:26 CST 2023 python_jieba_lcut run ok !
Thu May  4 08:30:04 CST 2023 spider run ok !
Thu May  4 08:30:14 CST 2023 procedure_splice run ok !
121 2023-05-04 08:30insert···	121 insert.OK
Thu May  4 08:30:26 CST 2023 python_jieba_lcut run ok !
Thu May  4 10:31:44 CST 2023 spider run ok !
Thu May  4 10:31:54 CST 2023 procedure_splice run ok !
122 2023-05-04 10:31insert···	122 insert.OK
Thu May  4 10:32:05 CST 2023 python_jieba_lcut run ok !
Thu May  4 11:30:04 CST 2023 spider run ok !
Thu May  4 11:30:14 CST 2023 procedure_splice run ok !
123 2023-05-04 11:30insert···	123 insert.OK
Thu May  4 11:30:26 CST 2023 python_jieba_lcut run ok !
Thu May  4 12:30:04 CST 2023 spider run ok !
Thu May  4 12:30:14 CST 2023 procedure_splice run ok !
124 2023-05-04 12:30insert···	124 insert.OK
Thu May  4 12:30:26 CST 2023 python_jieba_lcut run ok !
Thu May  4 13:30:04 CST 2023 spider run ok !
Thu May  4 13:30:14 CST 2023 procedure_splice run ok !
125 2023-05-04 13:30insert···	125 insert.OK
Thu May  4 13:30:26 CST 2023 python_jieba_lcut run ok !
Thu May  4 14:30:05 CST 2023 spider run ok !
Thu May  4 14:30:15 CST 2023 procedure_splice run ok !
126 2023-05-04 14:30insert···	126 insert.OK
Thu May  4 14:30:26 CST 2023 python_jieba_lcut run ok !
Thu May  4 15:30:05 CST 2023 spider run ok !
Thu May  4 15:30:15 CST 2023 procedure_splice run ok !
127 2023-05-04 15:30insert···	127 insert.OK
Thu May  4 15:30:26 CST 2023 python_jieba_lcut run ok !
Sat May 20 09:30:04 CST 2023 spider run ok !
Sat May 20 09:30:14 CST 2023 procedure_splice run ok !
Sat May 20 09:30:24 CST 2023 python_jieba_lcut run ok !
